Replace Part C1 CAP 4.7uF 1206 in C:\Users\ASUS\Desktop\5-2\EE464\Term Project\Project\EE464_Project\EE464_SCH.SchDoc with CAP 4.7uF 1206 from Schlib1.SchLib
Replace Part C2 CAP 4.7uF 1206 in C:\Users\ASUS\Desktop\5-2\EE464\Term Project\Project\EE464_Project\EE464_SCH.SchDoc with CAP 4.7uF 1206 from Schlib1.SchLib
Replace Part C3 CAP 47pF 0603 in C:\Users\ASUS\Desktop\5-2\EE464\Term Project\Project\EE464_Project\EE464_SCH.SchDoc with CAP 47pF 0603 from Schlib1.SchLib
Replace Part C4 CAP 47pF 0603 in C:\Users\ASUS\Desktop\5-2\EE464\Term Project\Project\EE464_Project\EE464_SCH.SchDoc with CAP 47pF 0603 from Schlib1.SchLib
Replace Part C5 CAP 100nF in C:\Users\ASUS\Desktop\5-2\EE464\Term Project\Project\EE464_Project\EE464_SCH.SchDoc with CAP 100nF from Schlib1.SchLib
Replace Part C6 CAP 330uF AL. POLY. in C:\Users\ASUS\Desktop\5-2\EE464\Term Project\Project\EE464_Project\EE464_SCH.SchDoc with CAP 330uF AL. POLY. from Schlib1.SchLib
Replace Part C7 CAP 330uF AL. POLY. in C:\Users\ASUS\Desktop\5-2\EE464\Term Project\Project\EE464_Project\EE464_SCH.SchDoc with CAP 330uF AL. POLY. from Schlib1.SchLib
Replace Part C8 CAP 330uF AL. POLY. in C:\Users\ASUS\Desktop\5-2\EE464\Term Project\Project\EE464_Project\EE464_SCH.SchDoc with CAP 330uF AL. POLY. from Schlib1.SchLib
Replace Part C9 CAP 330uF AL. POLY. in C:\Users\ASUS\Desktop\5-2\EE464\Term Project\Project\EE464_Project\EE464_SCH.SchDoc with CAP 330uF AL. POLY. from Schlib1.SchLib
Replace Part C10 CAP 0.1uF 500V 1210 in C:\Users\ASUS\Desktop\5-2\EE464\Term Project\Project\EE464_Project\EE464_SCH.SchDoc with CAP 0.1uF 500V 1210 from Schlib1.SchLib
Replace Part C11 CAP 1uF 500v in C:\Users\ASUS\Desktop\5-2\EE464\Term Project\Project\EE464_Project\EE464_SCH.SchDoc with CAP 1uF 500v from Schlib1.SchLib
Replace Part C12 CAP, 0.1u, 200V, 1206 in C:\Users\ASUS\Desktop\5-2\EE464\Term Project\Project\EE464_Project\EE464_SCH.SchDoc with CAP, 0.1u, 200V, 1206 from Schlib1.SchLib
Replace Part CN1 CONN KLE_2_2 in C:\Users\ASUS\Desktop\5-2\EE464\Term Project\Project\EE464_Project\EE464_SCH.SchDoc with CONN KLE_2_2 from Schlib1.SchLib
Replace Part CN2 CONN KLE_2_2 in C:\Users\ASUS\Desktop\5-2\EE464\Term Project\Project\EE464_Project\EE464_SCH.SchDoc with CONN KLE_2_2 from Schlib1.SchLib
Replace Part D1 DI SK115 in C:\Users\ASUS\Desktop\5-2\EE464\Term Project\Project\EE464_Project\EE464_SCH.SchDoc with DI SK115 from Schlib1.SchLib
Replace Part D2 DI S1J-E3/61T 600V 1A SMA in C:\Users\ASUS\Desktop\5-2\EE464\Term Project\Project\EE464_Project\EE464_SCH.SchDoc with DI S1J-E3/61T 600V 1A SMA from Schlib1.SchLib
Replace Part D3 DI CDBB3150-HF 150V 3A SMB in C:\Users\ASUS\Desktop\5-2\EE464\Term Project\Project\EE464_Project\EE464_SCH.SchDoc with DI CDBB3150-HF 150V 3A SMB from Schlib1.SchLib
Replace Part D4 DI CDBB3150-HF 150V 3A SMB in C:\Users\ASUS\Desktop\5-2\EE464\Term Project\Project\EE464_Project\EE464_SCH.SchDoc with DI CDBB3150-HF 150V 3A SMB from Schlib1.SchLib
Replace Part D5 DI CDBB3150-HF 150V 3A SMB in C:\Users\ASUS\Desktop\5-2\EE464\Term Project\Project\EE464_Project\EE464_SCH.SchDoc with DI CDBB3150-HF 150V 3A SMB from Schlib1.SchLib
Replace Part D6 DI CDBB3150-HF 150V 3A SMB in C:\Users\ASUS\Desktop\5-2\EE464\Term Project\Project\EE464_Project\EE464_SCH.SchDoc with DI CDBB3150-HF 150V 3A SMB from Schlib1.SchLib
Replace Part D7 DI CDBB3150-HF 150V 3A SMB in C:\Users\ASUS\Desktop\5-2\EE464\Term Project\Project\EE464_Project\EE464_SCH.SchDoc with DI CDBB3150-HF 150V 3A SMB from Schlib1.SchLib
Replace Part IC1 IC LT8316EFEPB in C:\Users\ASUS\Desktop\5-2\EE464\Term Project\Project\EE464_Project\EE464_SCH.SchDoc with IC LT8316EFEPB from Schlib1.SchLib
Replace Part M1 MOS, N-CH, IPD50R500CEAUMA1 in C:\Users\ASUS\Desktop\5-2\EE464\Term Project\Project\EE464_Project\EE464_SCH.SchDoc with MOS, N-CH, IPD50R500CEAUMA1 from Schlib1.SchLib
Replace Part R2 RES, 499K, 1206 in C:\Users\ASUS\Desktop\5-2\EE464\Term Project\Project\EE464_Project\EE464_SCH.SchDoc with RES, 499K, 1206 from Schlib1.SchLib
Replace Part R3 RES, 499K, 1206 in C:\Users\ASUS\Desktop\5-2\EE464\Term Project\Project\EE464_Project\EE464_SCH.SchDoc with RES, 499K, 1206 from Schlib1.SchLib
Replace Part R4 RES, 499K, 1206 in C:\Users\ASUS\Desktop\5-2\EE464\Term Project\Project\EE464_Project\EE464_SCH.SchDoc with RES, 499K, 1206 from Schlib1.SchLib
Replace Part R5 RES, 9.2K, 0603 in C:\Users\ASUS\Desktop\5-2\EE464\Term Project\Project\EE464_Project\EE464_SCH.SchDoc with RES, 9.2K, 0603 from Schlib1.SchLib
Replace Part R6 RES, 10K, 0603 in C:\Users\ASUS\Desktop\5-2\EE464\Term Project\Project\EE464_Project\EE464_SCH.SchDoc with RES, 10K, 0603 from Schlib1.SchLib
Replace Part R7 RES, 121K, 0603 in C:\Users\ASUS\Desktop\5-2\EE464\Term Project\Project\EE464_Project\EE464_SCH.SchDoc with RES, 121K, 0603 from Schlib1.SchLib
Replace Part R8 RES, 47K, 0603 in C:\Users\ASUS\Desktop\5-2\EE464\Term Project\Project\EE464_Project\EE464_SCH.SchDoc with RES, 47K, 0603 from Schlib1.SchLib
Replace Part R10 RES, 15K, 0603 in C:\Users\ASUS\Desktop\5-2\EE464\Term Project\Project\EE464_Project\EE464_SCH.SchDoc with RES, 15K, 0603 from Schlib1.SchLib
Replace Part R11 RES, 0.01,1206 in C:\Users\ASUS\Desktop\5-2\EE464\Term Project\Project\EE464_Project\EE464_SCH.SchDoc with RES, 0.01,1206 from Schlib1.SchLib
Replace Part R13 RES, 10K, 0603 in C:\Users\ASUS\Desktop\5-2\EE464\Term Project\Project\EE464_Project\EE464_SCH.SchDoc with RES, 10K, 0603 from Schlib1.SchLib
Replace Part R? RES, 5K6, 0603 in C:\Users\ASUS\Desktop\5-2\EE464\Term Project\Project\EE464_Project\EE464_SCH.SchDoc with RES, 5K6, 0603 from Schlib1.SchLib
Replace Part TF1 TF 4:1 in C:\Users\ASUS\Desktop\5-2\EE464\Term Project\Project\EE464_Project\EE464_SCH.SchDoc with TF 4:1 from Schlib1.SchLib
Replace Part TVS1 TVS DI SMBJE400CA 400V SMB in C:\Users\ASUS\Desktop\5-2\EE464\Term Project\Project\EE464_Project\EE464_SCH.SchDoc with TVS DI SMBJE400CA 400V SMB from Schlib1.SchLib
